Unity Editor version:    2020.3.17f1 (a4537701e4ab)
Branch:                  2020.3/staging
Build type:              Release
Batch mode:              YES
macOS version:           Version 12.2.1 (Build 21D62)
Darwin version:          21.3.0
Architecture:            x86_64
Running under Rosetta:   NO
Available memory:        8192 MB
Using pre-set license
Pro License: NO

COMMAND LINE ARGUMENTS:
/Applications/Unity/Hub/Editor/2020.3.17f1/Unity.app/Contents/MacOS/Unity
-adb2
-batchMode
-noUpm
-name
AssetImportWorker0
-projectPath
/Users/hannadodd/Documents/git/WizardsAthenaeum/The Wizard's Athenaeum
-logFile
Logs/AssetImportWorker0.log
-srvPort
50182
Successfully changed project path to: /Users/hannadodd/Documents/git/WizardsAthenaeum/The Wizard's Athenaeum
/Users/hannadodd/Documents/git/WizardsAthenaeum/The Wizard's Athenaeum
Using Asset Import Pipeline V2.
Refreshing native plugins compatible for Editor in 68.94 ms, found 3 plugins.
Preloading 0 native plugins for Editor in 0.00 ms.
Initialize engine version: 2020.3.17f1 (a4537701e4ab)
[Subsystems] Discovering subsystems at path /Applications/Unity/Hub/Editor/2020.3.17f1/Unity.app/Contents/Resources/UnitySubsystems
[Subsystems] Discovering subsystems at path /Users/hannadodd/Documents/git/WizardsAthenaeum/The Wizard's Athenaeum/Assets
GfxDevice: creating device client; threaded=0
2022-02-23 09:32:54.903 Unity[2286:49889] Color LCD preferred device: Intel(R) Iris(TM) Graphics 540 (low power)
2022-02-23 09:32:54.903 Unity[2286:49889] Metal devices available: 1
2022-02-23 09:32:54.903 Unity[2286:49889] 0: Intel(R) Iris(TM) Graphics 540 (low power)
2022-02-23 09:32:54.903 Unity[2286:49889] Using device Intel(R) Iris(TM) Graphics 540 (low power)
Initializing Metal device caps: Intel(R) Iris(TM) Graphics 540
Initialize mono
Mono path[0] = '/Applications/Unity/Hub/Editor/2020.3.17f1/Unity.app/Contents/Managed'
Mono path[1] = '/Applications/Unity/Hub/Editor/2020.3.17f1/Unity.app/Contents/MonoBleedingEdge/lib/mono/unityjit'
Mono config path = '/Applications/Unity/Hub/Editor/2020.3.17f1/Unity.app/Contents/MonoBleedingEdge/etc'
Using monoOptions --debugger-agent=transport=dt_socket,embedding=1,server=y,suspend=n,address=127.0.0.1:56286
Begin MonoManager ReloadAssembly
Registering precompiled unity dll's ...
Register platform support module: /Applications/Unity/Hub/Editor/2020.3.17f1/PlaybackEngines/WebGLSupport/UnityEditor.WebGL.Extensions.dll
Register platform support module: /Applications/Unity/Hub/Editor/2020.3.17f1/Unity.app/Contents/PlaybackEngines/MacStandaloneSupport/UnityEditor.OSXStandalone.Extensions.dll
Registered in 0.003815 seconds.
Native extension for OSXStandalone target not found
Native extension for WebGL target not found
Refreshing native plugins compatible for Editor in 52.40 ms, found 3 plugins.
Preloading 0 native plugins for Editor in 0.00 ms.
Mono: successfully reloaded assembly
- Completed reload, in  2.310 seconds
Domain Reload Profiling:
	ReloadAssembly (2310ms)
		BeginReloadAssembly (52ms)
			ExecutionOrderSort (0ms)
			DisableScriptedObjects (0ms)
			BackupInstance (0ms)
			ReleaseScriptingObjects (0ms)
			CreateAndSetChildDomain (1ms)
		EndReloadAssembly (660ms)
			LoadAssemblies (55ms)
			RebuildTransferFunctionScriptingTraits (0ms)
			SetupTypeCache (280ms)
			ReleaseScriptCaches (0ms)
			RebuildScriptCaches (48ms)
			SetupLoadedEditorAssemblies (258ms)
				LogAssemblyErrors (0ms)
				InitializePlatformSupportModulesInManaged (6ms)
				SetLoadedEditorAssemblies (0ms)
				RefreshPlugins (52ms)
				BeforeProcessingInitializeOnLoad (12ms)
				ProcessInitializeOnLoadAttributes (146ms)
				ProcessInitializeOnLoadMethodAttributes (41ms)
				AfterProcessingInitializeOnLoad (0ms)
				EditorAssembliesLoaded (0ms)
			ExecutionOrderSort2 (0ms)
			AwakeInstancesAfterBackupRestoration (0ms)
Platform modules already initialized, skipping
Registering precompiled user dll's ...
Registered in 0.008771 seconds.
Begin MonoManager ReloadAssembly
Native extension for OSXStandalone target not found
Native extension for WebGL target not found
Refreshing native plugins compatible for Editor in 56.61 ms, found 3 plugins.
Preloading 0 native plugins for Editor in 0.00 ms.
Mono: successfully reloaded assembly
- Completed reload, in  1.724 seconds
Domain Reload Profiling:
	ReloadAssembly (1727ms)
		BeginReloadAssembly (198ms)
			ExecutionOrderSort (0ms)
			DisableScriptedObjects (7ms)
			BackupInstance (0ms)
			ReleaseScriptingObjects (0ms)
			CreateAndSetChildDomain (31ms)
		EndReloadAssembly (1444ms)
			LoadAssemblies (149ms)
			RebuildTransferFunctionScriptingTraits (0ms)
			SetupTypeCache (462ms)
			ReleaseScriptCaches (1ms)
			RebuildScriptCaches (73ms)
			SetupLoadedEditorAssemblies (582ms)
				LogAssemblyErrors (0ms)
				InitializePlatformSupportModulesInManaged (6ms)
				SetLoadedEditorAssemblies (0ms)
				RefreshPlugins (57ms)
				BeforeProcessingInitializeOnLoad (79ms)
				ProcessInitializeOnLoadAttributes (422ms)
				ProcessInitializeOnLoadMethodAttributes (17ms)
				AfterProcessingInitializeOnLoad (1ms)
				EditorAssembliesLoaded (0ms)
			ExecutionOrderSort2 (0ms)
			AwakeInstancesAfterBackupRestoration (9ms)
Platform modules already initialized, skipping
Validating Project structure ... 0.000343 seconds.
Shader import version has changed; will reimport all shaders...
Upgrading shader files ...0.000299 seconds.
Application.AssetDatabase Initial Script Refresh Start
RefreshInfo: InitialScriptRefreshV2(NoUpdateAssetOptions) scanfilter:  ... 1 filters
RefreshProfiler: Total: 0.000ms
Application.AssetDatabase Initial Script Refresh End
Application.AssetDatabase.Refresh Start
Application.AssetDatabase.Refresh End
RefreshInfo: StopAssetImportingV2(ForceSynchronousImport) scanfilter: 
RefreshProfiler: Total: 0.000ms
Launching external process: /Applications/Unity/Hub/Editor/2020.3.17f1/Unity.app/Contents/Tools/UnityShaderCompiler
Launched and connected shader compiler UnityShaderCompiler after 0.04 seconds
Initializing Unity extensions:
2022-02-23 09:33:01.924 Unity[2286:49889] NSEventModifierFlagFunction specified to -setKeyEquivalentModifierMask: for item <NSMenuItem: 0x600002842ed0 Font Asset, ke='Command-F12'>, but is only supported for system-provided menu items; will not be used
2022-02-23 09:33:01.931 Unity[2286:49889] NSEventModifierFlagFunction specified to -setKeyEquivalentModifierMask: for item <NSMenuItem: 0x6000028774f0 Font Asset, ke='Command-F12'>, but is only supported for system-provided menu items; will not be used
========================================================================
Worker process is ready to serve import requests
Refreshing native plugins compatible for Editor in 0.48 ms, found 3 plugins.
Preloading 0 native plugins for Editor in 0.00 ms.
Unloading 2092 Unused Serialized files (Serialized files now loaded: 0)
System memory in use before: 192.2 MB.
System memory in use after: 191.4 MB.

Unloading 101 unused Assets to reduce memory usage. Loaded Objects now: 2568.
Total: 5.254164 ms (FindLiveObjects: 0.236411 ms CreateObjectMapping: 0.086870 ms MarkObjects: 4.257175 ms  DeleteObjects: 0.672500 ms)

AssetImportParameters requested are different than current active one (requested -> active):
  custom:video-decoder-ogg-theora: a1e56fd34408186e4bbccfd4996cb3dc -> 
  custom:container-muxer-webm: aa71ff27fc2769a1b78a27578f13a17b -> 
  custom:container-demuxer-webm: 4f35f7cbe854078d1ac9338744f61a02 -> 
  custom:container-demuxer-ogg: 62fdf1f143b41e24485cea50d1cbac27 -> 
  custom:video-encoder-webm-vp8: eb34c28f22e8b96e1ab97ce403110664 -> 
  custom:framework-osx-AVFoundation: e770b220cccbd017edd2c1fefb359320 -> 
  custom:video-decoder-webm-vp8: 9c59270c3fd7afecdb556c50c9e8de78 -> 
  custom:audio-decoder-ogg-vorbis: bf7c407c2cedff20999df2af8eb42d56 -> 
  custom:audio-encoder-webm-vorbis: bf7c407c2cedff20999df2af8eb42d56 -> 
========================================================================
Received Import Request.
  path: Assets/Scenes
  artifactKey: Guid(ced3c49064f804c47a70b12c86d66202) Importer(815301076,1909f56bfc062723c751e8b465ee728b)
Start importing Assets/Scenes using Guid(ced3c49064f804c47a70b12c86d66202) Importer(815301076,1909f56bfc062723c751e8b465ee728b)  -> (artifact id: 'db74e2ac4c79a2140e49140034830d0c') in 0.009809 seconds 
  Import took 0.015035 seconds .

========================================================================
Received Import Request.
  Time since last request: 0.000306 seconds.
  path: Assets/Scenes/SampleScene.unity
  artifactKey: Guid(2cda990e2423bbf4892e6590ba056729) Importer(815301076,1909f56bfc062723c751e8b465ee728b)
Start importing Assets/Scenes/SampleScene.unity using Guid(2cda990e2423bbf4892e6590ba056729) Importer(815301076,1909f56bfc062723c751e8b465ee728b)  -> (artifact id: 'aa27944bdea339c97c39027c7eea529c') in 0.014768 seconds 
  Import took 0.020455 seconds .

========================================================================
Received Import Request.
  Time since last request: 212.772085 seconds.
  path: Assets/Prefabs
  artifactKey: Guid(57dd0e05bcdb4420f8d26598db64ae35) Importer(815301076,1909f56bfc062723c751e8b465ee728b)
Start importing Assets/Prefabs using Guid(57dd0e05bcdb4420f8d26598db64ae35) Importer(815301076,1909f56bfc062723c751e8b465ee728b)  -> (artifact id: 'b213b4347d9f1c092a8163289201fa61') in 0.010365 seconds 
  Import took 0.019819 seconds .

========================================================================
Received Import Request.
  Time since last request: 7.214065 seconds.
  path: Assets/Prefabs/Player.prefab
  artifactKey: Guid(2f54b6993ce7545d7b6267b18cb9b730) Importer(815301076,1909f56bfc062723c751e8b465ee728b)
Start importing Assets/Prefabs/Player.prefab using Guid(2f54b6993ce7545d7b6267b18cb9b730) Importer(815301076,1909f56bfc062723c751e8b465ee728b)  -> (artifact id: '4dc897f86ca08109b33158d08af3f123') in 2.275134 seconds 
  Import took 2.281314 seconds .

========================================================================
Received Import Request.
  Time since last request: 672.856708 seconds.
  path: Assets/Prefabs/Player.prefab
  artifactKey: Guid(2f54b6993ce7545d7b6267b18cb9b730) Importer(815301076,1909f56bfc062723c751e8b465ee728b)
Start importing Assets/Prefabs/Player.prefab using Guid(2f54b6993ce7545d7b6267b18cb9b730) Importer(815301076,1909f56bfc062723c751e8b465ee728b)  -> (artifact id: 'dccf42ee3b558c1ada14e38613c957a9') in 0.228602 seconds 
  Import took 0.233980 seconds .

========================================================================
Received Import Request.
  Time since last request: 583.075354 seconds.
  path: ProjectSettings/TagManager.asset
  artifactKey: Guid(00000000000000003000000000000000) Importer(815301076,1909f56bfc062723c751e8b465ee728b)
Start importing ProjectSettings/TagManager.asset using Guid(00000000000000003000000000000000) Importer(815301076,1909f56bfc062723c751e8b465ee728b)  -> (artifact id: '95df672b4aaba54310d34c83eef51bb8') in 0.137965 seconds 
  Import took 0.144676 seconds .

========================================================================
Received Import Request.
  Time since last request: 16.946891 seconds.
  path: Assets/Prefabs/Player.prefab
  artifactKey: Guid(2f54b6993ce7545d7b6267b18cb9b730) Importer(815301076,1909f56bfc062723c751e8b465ee728b)
Start importing Assets/Prefabs/Player.prefab using Guid(2f54b6993ce7545d7b6267b18cb9b730) Importer(815301076,1909f56bfc062723c751e8b465ee728b)  -> (artifact id: '100c431e073072cfe2808ccce4d7a098') in 0.023389 seconds 
  Import took 0.030725 seconds .

========================================================================
Received Import Request.
  Time since last request: 32.944363 seconds.
  path: Assets/Prefabs/Player.prefab
  artifactKey: Guid(2f54b6993ce7545d7b6267b18cb9b730) Importer(815301076,1909f56bfc062723c751e8b465ee728b)
Start importing Assets/Prefabs/Player.prefab using Guid(2f54b6993ce7545d7b6267b18cb9b730) Importer(815301076,1909f56bfc062723c751e8b465ee728b)  -> (artifact id: '68e3b68768735178d8d612b229dffe10') in 0.019735 seconds 
  Import took 0.025457 seconds .

========================================================================
Received Import Request.
  Time since last request: 19.679003 seconds.
  path: Assets/Prefabs/Player.prefab
  artifactKey: Guid(2f54b6993ce7545d7b6267b18cb9b730) Importer(815301076,1909f56bfc062723c751e8b465ee728b)
Start importing Assets/Prefabs/Player.prefab using Guid(2f54b6993ce7545d7b6267b18cb9b730) Importer(815301076,1909f56bfc062723c751e8b465ee728b)  -> (artifact id: '9ac51e195282663e98500b60dba74626') in 0.023039 seconds 
  Import took 0.030861 seconds .

========================================================================
Received Import Request.
  Time since last request: 3.800200 seconds.
  path: Assets/Prefabs/Player.prefab
  artifactKey: Guid(2f54b6993ce7545d7b6267b18cb9b730) Importer(815301076,1909f56bfc062723c751e8b465ee728b)
Start importing Assets/Prefabs/Player.prefab using Guid(2f54b6993ce7545d7b6267b18cb9b730) Importer(815301076,1909f56bfc062723c751e8b465ee728b)  -> (artifact id: 'e6824e2fbd229bd99f7ab216f17093b3') in 0.012782 seconds 
  Import took 0.017692 seconds .

========================================================================
Received Import Request.
  Time since last request: 21.662477 seconds.
  path: Assets/Prefabs/Player.prefab
  artifactKey: Guid(2f54b6993ce7545d7b6267b18cb9b730) Importer(815301076,1909f56bfc062723c751e8b465ee728b)
Start importing Assets/Prefabs/Player.prefab using Guid(2f54b6993ce7545d7b6267b18cb9b730) Importer(815301076,1909f56bfc062723c751e8b465ee728b)  -> (artifact id: '639a757848847de8104bc5d1c2490ef7') in 0.016006 seconds 
  Import took 0.021192 seconds .

========================================================================
Received Import Request.
  Time since last request: 17.611252 seconds.
  path: Assets/Prefabs/Player.prefab
  artifactKey: Guid(2f54b6993ce7545d7b6267b18cb9b730) Importer(815301076,1909f56bfc062723c751e8b465ee728b)
Start importing Assets/Prefabs/Player.prefab using Guid(2f54b6993ce7545d7b6267b18cb9b730) Importer(815301076,1909f56bfc062723c751e8b465ee728b)  -> (artifact id: '41266253a29df794e5433e2289635fcb') in 0.016959 seconds 
  Import took 0.021995 seconds .

========================================================================
Received Import Request.
  Time since last request: 49.821219 seconds.
  path: Assets/Prefabs/Player.prefab
  artifactKey: Guid(2f54b6993ce7545d7b6267b18cb9b730) Importer(815301076,1909f56bfc062723c751e8b465ee728b)
Start importing Assets/Prefabs/Player.prefab using Guid(2f54b6993ce7545d7b6267b18cb9b730) Importer(815301076,1909f56bfc062723c751e8b465ee728b)  -> (artifact id: '6577e28fe800b943d926f531a586b81e') in 0.024063 seconds 
  Import took 0.033929 seconds .

========================================================================
Received Import Request.
  Time since last request: 2.992785 seconds.
  path: Assets/Prefabs/Player.prefab
  artifactKey: Guid(2f54b6993ce7545d7b6267b18cb9b730) Importer(815301076,1909f56bfc062723c751e8b465ee728b)
Start importing Assets/Prefabs/Player.prefab using Guid(2f54b6993ce7545d7b6267b18cb9b730) Importer(815301076,1909f56bfc062723c751e8b465ee728b)  -> (artifact id: '018c9806cf20f09780270c0c7fee1d86') in 0.018172 seconds 
  Import took 0.026129 seconds .

========================================================================
Received Import Request.
  Time since last request: 7.659524 seconds.
  path: Assets/Prefabs/Player.prefab
  artifactKey: Guid(2f54b6993ce7545d7b6267b18cb9b730) Importer(815301076,1909f56bfc062723c751e8b465ee728b)
Start importing Assets/Prefabs/Player.prefab using Guid(2f54b6993ce7545d7b6267b18cb9b730) Importer(815301076,1909f56bfc062723c751e8b465ee728b)  -> (artifact id: '2b185fadf9af0901e206d0e23ae6c7ca') in 0.019713 seconds 
  Import took 0.028858 seconds .

========================================================================
Received Import Request.
  Time since last request: 3.406684 seconds.
  path: Assets/Prefabs/Player.prefab
  artifactKey: Guid(2f54b6993ce7545d7b6267b18cb9b730) Importer(815301076,1909f56bfc062723c751e8b465ee728b)
Start importing Assets/Prefabs/Player.prefab using Guid(2f54b6993ce7545d7b6267b18cb9b730) Importer(815301076,1909f56bfc062723c751e8b465ee728b)  -> (artifact id: '3a42db918e391eaa53623edbfa8488d0') in 0.023848 seconds 
  Import took 0.032595 seconds .

========================================================================
Received Import Request.
  Time since last request: 2.190976 seconds.
  path: Assets/Prefabs/Player.prefab
  artifactKey: Guid(2f54b6993ce7545d7b6267b18cb9b730) Importer(815301076,1909f56bfc062723c751e8b465ee728b)
Start importing Assets/Prefabs/Player.prefab using Guid(2f54b6993ce7545d7b6267b18cb9b730) Importer(815301076,1909f56bfc062723c751e8b465ee728b)  -> (artifact id: 'c0ba16bfbffc76ba07e4b23c898a1868') in 0.021816 seconds 
  Import took 0.030211 seconds .

========================================================================
Received Import Request.
  Time since last request: 2.616274 seconds.
  path: Assets/Prefabs/Player.prefab
  artifactKey: Guid(2f54b6993ce7545d7b6267b18cb9b730) Importer(815301076,1909f56bfc062723c751e8b465ee728b)
Start importing Assets/Prefabs/Player.prefab using Guid(2f54b6993ce7545d7b6267b18cb9b730) Importer(815301076,1909f56bfc062723c751e8b465ee728b)  -> (artifact id: '2292ec5d3280f48146a7d441416bbdc6') in 0.017018 seconds 
  Import took 0.023029 seconds .

========================================================================
Received Import Request.
  Time since last request: 57.864590 seconds.
  path: Assets/Prefabs/Enemy1.prefab
  artifactKey: Guid(c3b60e6c88e174fe88728bf3dbfc9ec9) Importer(815301076,1909f56bfc062723c751e8b465ee728b)
Start importing Assets/Prefabs/Enemy1.prefab using Guid(c3b60e6c88e174fe88728bf3dbfc9ec9) Importer(815301076,1909f56bfc062723c751e8b465ee728b)  -> (artifact id: '0bb0d39af685a5d75f0150e0dd9719d2') in 0.008699 seconds 
  Import took 0.019850 seconds .

========================================================================
Received Import Request.
  Time since last request: 0.012146 seconds.
  path: Assets/Prefabs/Enemy1.prefab
  artifactKey: Guid(c3b60e6c88e174fe88728bf3dbfc9ec9) Importer(815301076,1909f56bfc062723c751e8b465ee728b)
Start importing Assets/Prefabs/Enemy1.prefab using Guid(c3b60e6c88e174fe88728bf3dbfc9ec9) Importer(815301076,1909f56bfc062723c751e8b465ee728b)  -> (artifact id: '0bb0d39af685a5d75f0150e0dd9719d2') in 0.008247 seconds 
  Import took 0.015223 seconds .

========================================================================
Received Import Request.
  Time since last request: 8.593354 seconds.
  path: Assets/Prefabs/Enemy1.prefab
  artifactKey: Guid(c3b60e6c88e174fe88728bf3dbfc9ec9) Importer(815301076,1909f56bfc062723c751e8b465ee728b)
Start importing Assets/Prefabs/Enemy1.prefab using Guid(c3b60e6c88e174fe88728bf3dbfc9ec9) Importer(815301076,1909f56bfc062723c751e8b465ee728b)  -> (artifact id: '42af3aca43909ac3da087a2d943d33b9') in 0.017043 seconds 
  Import took 0.026404 seconds .

========================================================================
Received Import Request.
  Time since last request: 4.816313 seconds.
  path: Assets/Prefabs/Enemy1.prefab
  artifactKey: Guid(c3b60e6c88e174fe88728bf3dbfc9ec9) Importer(815301076,1909f56bfc062723c751e8b465ee728b)
Start importing Assets/Prefabs/Enemy1.prefab using Guid(c3b60e6c88e174fe88728bf3dbfc9ec9) Importer(815301076,1909f56bfc062723c751e8b465ee728b)  -> (artifact id: '08caf6a76ea8ff50db8f5d34401c7d16') in 0.020990 seconds 
  Import took 0.029371 seconds .

========================================================================
Received Import Request.
  Time since last request: 1.987875 seconds.
  path: Assets/Prefabs/Enemy1.prefab
  artifactKey: Guid(c3b60e6c88e174fe88728bf3dbfc9ec9) Importer(815301076,1909f56bfc062723c751e8b465ee728b)
Start importing Assets/Prefabs/Enemy1.prefab using Guid(c3b60e6c88e174fe88728bf3dbfc9ec9) Importer(815301076,1909f56bfc062723c751e8b465ee728b)  -> (artifact id: '73c4ba4936a3e7d86971f7e16e6086df') in 0.011629 seconds 
  Import took 0.017833 seconds .

========================================================================
Received Import Request.
  Time since last request: 2.489954 seconds.
  path: Assets/Prefabs/Enemy1.prefab
  artifactKey: Guid(c3b60e6c88e174fe88728bf3dbfc9ec9) Importer(815301076,1909f56bfc062723c751e8b465ee728b)
Start importing Assets/Prefabs/Enemy1.prefab using Guid(c3b60e6c88e174fe88728bf3dbfc9ec9) Importer(815301076,1909f56bfc062723c751e8b465ee728b)  -> (artifact id: '18fb0bcda9737ccd56897e9ae219515a') in 0.016335 seconds 
  Import took 0.023844 seconds .

========================================================================
Received Import Request.
  Time since last request: 7.826240 seconds.
  path: Assets/Prefabs/Enemy1.prefab
  artifactKey: Guid(c3b60e6c88e174fe88728bf3dbfc9ec9) Importer(815301076,1909f56bfc062723c751e8b465ee728b)
Start importing Assets/Prefabs/Enemy1.prefab using Guid(c3b60e6c88e174fe88728bf3dbfc9ec9) Importer(815301076,1909f56bfc062723c751e8b465ee728b)  -> (artifact id: '8c6e38fd03ed72b4ca46c5fb7f053f15') in 0.020007 seconds 
  Import took 0.027162 seconds .

========================================================================
Received Import Request.
  Time since last request: 0.010741 seconds.
  path: Assets/Prefabs/Enemy1.prefab
  artifactKey: Guid(c3b60e6c88e174fe88728bf3dbfc9ec9) Importer(815301076,1909f56bfc062723c751e8b465ee728b)
Start importing Assets/Prefabs/Enemy1.prefab using Guid(c3b60e6c88e174fe88728bf3dbfc9ec9) Importer(815301076,1909f56bfc062723c751e8b465ee728b)  -> (artifact id: '8c6e38fd03ed72b4ca46c5fb7f053f15') in 0.016460 seconds 
  Import took 0.020773 seconds .

========================================================================
Received Import Request.
  Time since last request: 58.560798 seconds.
  path: Assets/Prefabs/Enemy1.prefab
  artifactKey: Guid(c3b60e6c88e174fe88728bf3dbfc9ec9) Importer(815301076,1909f56bfc062723c751e8b465ee728b)
Start importing Assets/Prefabs/Enemy1.prefab using Guid(c3b60e6c88e174fe88728bf3dbfc9ec9) Importer(815301076,1909f56bfc062723c751e8b465ee728b)  -> (artifact id: 'f58fc7e50ea4b78c16399e57c3a9b7a4') in 0.020653 seconds 
  Import took 0.026674 seconds .

========================================================================
Received Import Request.
  Time since last request: 3.673316 seconds.
  path: Assets/Prefabs/Enemy1.prefab
  artifactKey: Guid(c3b60e6c88e174fe88728bf3dbfc9ec9) Importer(815301076,1909f56bfc062723c751e8b465ee728b)
Start importing Assets/Prefabs/Enemy1.prefab using Guid(c3b60e6c88e174fe88728bf3dbfc9ec9) Importer(815301076,1909f56bfc062723c751e8b465ee728b)  -> (artifact id: '97ebbccb6bb68ef8896c13057fa3f871') in 0.020892 seconds 
  Import took 0.027690 seconds .

========================================================================
Received Import Request.
  Time since last request: 9.490454 seconds.
  path: Assets/Prefabs/Enemy1.prefab
  artifactKey: Guid(c3b60e6c88e174fe88728bf3dbfc9ec9) Importer(815301076,1909f56bfc062723c751e8b465ee728b)
Start importing Assets/Prefabs/Enemy1.prefab using Guid(c3b60e6c88e174fe88728bf3dbfc9ec9) Importer(815301076,1909f56bfc062723c751e8b465ee728b)  -> (artifact id: '3b5c4b271910494f26735b587bb83cb0') in 0.018848 seconds 
  Import took 0.024797 seconds .

========================================================================
Received Import Request.
  Time since last request: 3.211127 seconds.
  path: Assets/Prefabs/Enemy1.prefab
  artifactKey: Guid(c3b60e6c88e174fe88728bf3dbfc9ec9) Importer(815301076,1909f56bfc062723c751e8b465ee728b)
Start importing Assets/Prefabs/Enemy1.prefab using Guid(c3b60e6c88e174fe88728bf3dbfc9ec9) Importer(815301076,1909f56bfc062723c751e8b465ee728b)  -> (artifact id: 'b6535f273f3b438ef5c8ad26f60b5e84') in 0.014648 seconds 
  Import took 0.019637 seconds .

========================================================================
Received Import Request.
  Time since last request: 3.260104 seconds.
  path: Assets/Prefabs/Enemy1.prefab
  artifactKey: Guid(c3b60e6c88e174fe88728bf3dbfc9ec9) Importer(815301076,1909f56bfc062723c751e8b465ee728b)
Start importing Assets/Prefabs/Enemy1.prefab using Guid(c3b60e6c88e174fe88728bf3dbfc9ec9) Importer(815301076,1909f56bfc062723c751e8b465ee728b)  -> (artifact id: 'e818181e520a58c8e488247e70c4a699') in 0.019711 seconds 
  Import took 0.028438 seconds .

========================================================================
Received Import Request.
  Time since last request: 4.897384 seconds.
  path: Assets/Prefabs/Enemy1.prefab
  artifactKey: Guid(c3b60e6c88e174fe88728bf3dbfc9ec9) Importer(815301076,1909f56bfc062723c751e8b465ee728b)
Start importing Assets/Prefabs/Enemy1.prefab using Guid(c3b60e6c88e174fe88728bf3dbfc9ec9) Importer(815301076,1909f56bfc062723c751e8b465ee728b)  -> (artifact id: '3f5dd312606c01c530ed8d8f41ab97cf') in 0.015973 seconds 
  Import took 0.023912 seconds .

========================================================================
Received Import Request.
  Time since last request: 9.141181 seconds.
  path: Assets/Prefabs/Enemy1.prefab
  artifactKey: Guid(c3b60e6c88e174fe88728bf3dbfc9ec9) Importer(815301076,1909f56bfc062723c751e8b465ee728b)
Start importing Assets/Prefabs/Enemy1.prefab using Guid(c3b60e6c88e174fe88728bf3dbfc9ec9) Importer(815301076,1909f56bfc062723c751e8b465ee728b)  -> (artifact id: '174ea29e4c04060862a8c8530100d406') in 0.021125 seconds 
  Import took 0.029758 seconds .

========================================================================
Received Import Request.
  Time since last request: 5.047848 seconds.
  path: Assets/Prefabs/Enemy1.prefab
  artifactKey: Guid(c3b60e6c88e174fe88728bf3dbfc9ec9) Importer(815301076,1909f56bfc062723c751e8b465ee728b)
Start importing Assets/Prefabs/Enemy1.prefab using Guid(c3b60e6c88e174fe88728bf3dbfc9ec9) Importer(815301076,1909f56bfc062723c751e8b465ee728b)  -> (artifact id: '8b97e51f84d5405c87fd6e42da3a5790') in 0.021673 seconds 
  Import took 0.031110 seconds .

========================================================================
Received Import Request.
  Time since last request: 2.795785 seconds.
  path: Assets/Prefabs/Enemy1.prefab
  artifactKey: Guid(c3b60e6c88e174fe88728bf3dbfc9ec9) Importer(815301076,1909f56bfc062723c751e8b465ee728b)
Start importing Assets/Prefabs/Enemy1.prefab using Guid(c3b60e6c88e174fe88728bf3dbfc9ec9) Importer(815301076,1909f56bfc062723c751e8b465ee728b)  -> (artifact id: '0565471ae261037fe07af8aa2ab69172') in 0.022398 seconds 
  Import took 0.031200 seconds .

========================================================================
Received Import Request.
  Time since last request: 2.412769 seconds.
  path: Assets/Prefabs/Enemy1.prefab
  artifactKey: Guid(c3b60e6c88e174fe88728bf3dbfc9ec9) Importer(815301076,1909f56bfc062723c751e8b465ee728b)
Start importing Assets/Prefabs/Enemy1.prefab using Guid(c3b60e6c88e174fe88728bf3dbfc9ec9) Importer(815301076,1909f56bfc062723c751e8b465ee728b)  -> (artifact id: '144092f3da088369a667ab8946d97bcf') in 0.018894 seconds 
  Import took 0.027284 seconds .

========================================================================
Received Import Request.
  Time since last request: 4.270694 seconds.
  path: Assets/Prefabs/Enemy1.prefab
  artifactKey: Guid(c3b60e6c88e174fe88728bf3dbfc9ec9) Importer(815301076,1909f56bfc062723c751e8b465ee728b)
Start importing Assets/Prefabs/Enemy1.prefab using Guid(c3b60e6c88e174fe88728bf3dbfc9ec9) Importer(815301076,1909f56bfc062723c751e8b465ee728b)  -> (artifact id: '35f0dd3d5b82484fb7e86cef07f43820') in 0.022921 seconds 
  Import took 0.031030 seconds .

========================================================================
Received Import Request.
  Time since last request: 3.410458 seconds.
  path: Assets/Prefabs/Enemy1.prefab
  artifactKey: Guid(c3b60e6c88e174fe88728bf3dbfc9ec9) Importer(815301076,1909f56bfc062723c751e8b465ee728b)
Start importing Assets/Prefabs/Enemy1.prefab using Guid(c3b60e6c88e174fe88728bf3dbfc9ec9) Importer(815301076,1909f56bfc062723c751e8b465ee728b)  -> (artifact id: '894c23829e49e42234c7395e166cc0c3') in 0.022864 seconds 
  Import took 0.032894 seconds .

========================================================================
Received Import Request.
  Time since last request: 3.402255 seconds.
  path: Assets/Prefabs/Enemy1.prefab
  artifactKey: Guid(c3b60e6c88e174fe88728bf3dbfc9ec9) Importer(815301076,1909f56bfc062723c751e8b465ee728b)
Start importing Assets/Prefabs/Enemy1.prefab using Guid(c3b60e6c88e174fe88728bf3dbfc9ec9) Importer(815301076,1909f56bfc062723c751e8b465ee728b)  -> (artifact id: 'c463a249db9e39487efd6a74261f0451') in 0.025371 seconds 
  Import took 0.034243 seconds .

========================================================================
Received Import Request.
  Time since last request: 906.056801 seconds.
  path: Assets/Prefabs/Floor1.prefab
  artifactKey: Guid(f43c65e312fd94759a9395db28cd99bf) Importer(815301076,1909f56bfc062723c751e8b465ee728b)
Start importing Assets/Prefabs/Floor1.prefab using Guid(f43c65e312fd94759a9395db28cd99bf) Importer(815301076,1909f56bfc062723c751e8b465ee728b)  -> (artifact id: '39a94106d83c419f132fc21a1ad6db1f') in 0.007771 seconds 
  Import took 0.013213 seconds .

========================================================================
Received Import Request.
  Time since last request: 0.020081 seconds.
  path: Assets/Prefabs/Floor1.prefab
  artifactKey: Guid(f43c65e312fd94759a9395db28cd99bf) Importer(815301076,1909f56bfc062723c751e8b465ee728b)
Start importing Assets/Prefabs/Floor1.prefab using Guid(f43c65e312fd94759a9395db28cd99bf) Importer(815301076,1909f56bfc062723c751e8b465ee728b)  -> (artifact id: '39a94106d83c419f132fc21a1ad6db1f') in 0.006128 seconds 
  Import took 0.013059 seconds .

========================================================================
Received Import Request.
  Time since last request: 7.900239 seconds.
  path: Assets/Prefabs/Floor1.prefab
  artifactKey: Guid(f43c65e312fd94759a9395db28cd99bf) Importer(815301076,1909f56bfc062723c751e8b465ee728b)
Start importing Assets/Prefabs/Floor1.prefab using Guid(f43c65e312fd94759a9395db28cd99bf) Importer(815301076,1909f56bfc062723c751e8b465ee728b)  -> (artifact id: '62a8a2ec41687e5f5f8b3863bc2e2386') in 0.005737 seconds 
  Import took 0.010775 seconds .

========================================================================
Received Import Request.
  Time since last request: 6.177701 seconds.
  path: Assets/Prefabs/Floor1.prefab
  artifactKey: Guid(f43c65e312fd94759a9395db28cd99bf) Importer(815301076,1909f56bfc062723c751e8b465ee728b)
Start importing Assets/Prefabs/Floor1.prefab using Guid(f43c65e312fd94759a9395db28cd99bf) Importer(815301076,1909f56bfc062723c751e8b465ee728b)  -> (artifact id: 'a72b42e55bff078f28a3d2549e04da3c') in 0.017974 seconds 
  Import took 0.023910 seconds .

========================================================================
Received Import Request.
  Time since last request: 15.595830 seconds.
  path: Assets/Prefabs/Floor1.prefab
  artifactKey: Guid(f43c65e312fd94759a9395db28cd99bf) Importer(815301076,1909f56bfc062723c751e8b465ee728b)
Start importing Assets/Prefabs/Floor1.prefab using Guid(f43c65e312fd94759a9395db28cd99bf) Importer(815301076,1909f56bfc062723c751e8b465ee728b)  -> (artifact id: '85b4bb2fbf7bb2c480550776c647a42a') in 0.021384 seconds 
  Import took 0.031450 seconds .

========================================================================
Received Import Request.
  Time since last request: 4.013692 seconds.
  path: Assets/Prefabs/Floor1.prefab
  artifactKey: Guid(f43c65e312fd94759a9395db28cd99bf) Importer(815301076,1909f56bfc062723c751e8b465ee728b)
Start importing Assets/Prefabs/Floor1.prefab using Guid(f43c65e312fd94759a9395db28cd99bf) Importer(815301076,1909f56bfc062723c751e8b465ee728b)  -> (artifact id: 'c685b2587a524907cf3afa708bcfd0a4') in 0.016799 seconds 
  Import took 0.021990 seconds .

========================================================================
Received Import Request.
  Time since last request: 2.006674 seconds.
  path: Assets/Prefabs/Floor1.prefab
  artifactKey: Guid(f43c65e312fd94759a9395db28cd99bf) Importer(815301076,1909f56bfc062723c751e8b465ee728b)
Start importing Assets/Prefabs/Floor1.prefab using Guid(f43c65e312fd94759a9395db28cd99bf) Importer(815301076,1909f56bfc062723c751e8b465ee728b)  -> (artifact id: '2bb293938847904198bd10942397dc47') in 0.024053 seconds 
  Import took 0.031237 seconds .

========================================================================
Received Import Request.
  Time since last request: 27.728084 seconds.
  path: Assets/Prefabs/Floor1.prefab
  artifactKey: Guid(f43c65e312fd94759a9395db28cd99bf) Importer(815301076,1909f56bfc062723c751e8b465ee728b)
Start importing Assets/Prefabs/Floor1.prefab using Guid(f43c65e312fd94759a9395db28cd99bf) Importer(815301076,1909f56bfc062723c751e8b465ee728b)  -> (artifact id: '8f1187cbba4fb936136ce3347d8d8ecc') in 0.007335 seconds 
  Import took 0.013403 seconds .

========================================================================
Received Import Request.
  Time since last request: 0.022367 seconds.
  path: Assets/Prefabs/Floor1.prefab
  artifactKey: Guid(f43c65e312fd94759a9395db28cd99bf) Importer(815301076,1909f56bfc062723c751e8b465ee728b)
Start importing Assets/Prefabs/Floor1.prefab using Guid(f43c65e312fd94759a9395db28cd99bf) Importer(815301076,1909f56bfc062723c751e8b465ee728b)  -> (artifact id: '8f1187cbba4fb936136ce3347d8d8ecc') in 0.007168 seconds 
  Import took 0.016683 seconds .

========================================================================
Received Import Request.
  Time since last request: 8.745560 seconds.
  path: Assets/Prefabs/Floor1.prefab
  artifactKey: Guid(f43c65e312fd94759a9395db28cd99bf) Importer(815301076,1909f56bfc062723c751e8b465ee728b)
Start importing Assets/Prefabs/Floor1.prefab using Guid(f43c65e312fd94759a9395db28cd99bf) Importer(815301076,1909f56bfc062723c751e8b465ee728b)  -> (artifact id: 'bd4936690987cc2b68cf24c9a881f6b0') in 0.023718 seconds 
  Import took 0.032560 seconds .

========================================================================
Received Import Request.
  Time since last request: 5.094268 seconds.
  path: Assets/Prefabs/Floor1.prefab
  artifactKey: Guid(f43c65e312fd94759a9395db28cd99bf) Importer(815301076,1909f56bfc062723c751e8b465ee728b)
Start importing Assets/Prefabs/Floor1.prefab using Guid(f43c65e312fd94759a9395db28cd99bf) Importer(815301076,1909f56bfc062723c751e8b465ee728b)  -> (artifact id: 'aaa5d0e4ef3cbce20ba856ebc578f43e') in 0.014945 seconds 
  Import took 0.019568 seconds .

========================================================================
Received Import Request.
  Time since last request: 30.255252 seconds.
  path: Assets/Prefabs/Floor1.prefab
  artifactKey: Guid(f43c65e312fd94759a9395db28cd99bf) Importer(815301076,1909f56bfc062723c751e8b465ee728b)
Start importing Assets/Prefabs/Floor1.prefab using Guid(f43c65e312fd94759a9395db28cd99bf) Importer(815301076,1909f56bfc062723c751e8b465ee728b)  -> (artifact id: '6bbce4f60f0fb9bab38310612381fde1') in 0.015632 seconds 
  Import took 0.021559 seconds .

========================================================================
Received Import Request.
  Time since last request: 4.482472 seconds.
  path: Assets/Prefabs/Floor1.prefab
  artifactKey: Guid(f43c65e312fd94759a9395db28cd99bf) Importer(815301076,1909f56bfc062723c751e8b465ee728b)
Start importing Assets/Prefabs/Floor1.prefab using Guid(f43c65e312fd94759a9395db28cd99bf) Importer(815301076,1909f56bfc062723c751e8b465ee728b)  -> (artifact id: '26d7a8c8704896c9241fb2df9e93d014') in 0.024294 seconds 
  Import took 0.032952 seconds .

========================================================================
Received Import Request.
  Time since last request: 69.697175 seconds.
  path: Assets/Prefabs/Exit.prefab
  artifactKey: Guid(82f9d5e4485554eba9bb1a1f9937a8ce) Importer(815301076,1909f56bfc062723c751e8b465ee728b)
Start importing Assets/Prefabs/Exit.prefab using Guid(82f9d5e4485554eba9bb1a1f9937a8ce) Importer(815301076,1909f56bfc062723c751e8b465ee728b)  -> (artifact id: '1efdea36530480e163b488f5c00ab394') in 0.007721 seconds 
  Import took 0.015103 seconds .

========================================================================
Received Import Request.
  Time since last request: 0.020144 seconds.
  path: Assets/Prefabs/Exit.prefab
  artifactKey: Guid(82f9d5e4485554eba9bb1a1f9937a8ce) Importer(815301076,1909f56bfc062723c751e8b465ee728b)
Start importing Assets/Prefabs/Exit.prefab using Guid(82f9d5e4485554eba9bb1a1f9937a8ce) Importer(815301076,1909f56bfc062723c751e8b465ee728b)  -> (artifact id: '1efdea36530480e163b488f5c00ab394') in 0.006701 seconds 
  Import took 0.015388 seconds .

========================================================================
Received Import Request.
  Time since last request: 6.785670 seconds.
  path: Assets/Prefabs/Exit.prefab
  artifactKey: Guid(82f9d5e4485554eba9bb1a1f9937a8ce) Importer(815301076,1909f56bfc062723c751e8b465ee728b)
Start importing Assets/Prefabs/Exit.prefab using Guid(82f9d5e4485554eba9bb1a1f9937a8ce) Importer(815301076,1909f56bfc062723c751e8b465ee728b)  -> (artifact id: '07f662f6d57c78a00b9ceca92b4667e1') in 0.019330 seconds 
  Import took 0.026762 seconds .

========================================================================
Received Import Request.
  Time since last request: 7.698933 seconds.
  path: Assets/Prefabs/Exit.prefab
  artifactKey: Guid(82f9d5e4485554eba9bb1a1f9937a8ce) Importer(815301076,1909f56bfc062723c751e8b465ee728b)
Start importing Assets/Prefabs/Exit.prefab using Guid(82f9d5e4485554eba9bb1a1f9937a8ce) Importer(815301076,1909f56bfc062723c751e8b465ee728b)  -> (artifact id: '2dce27c41ab428ad16a2c211d31bc789') in 0.016791 seconds 
  Import took 0.022564 seconds .

========================================================================
Received Import Request.
  Time since last request: 6.059232 seconds.
  path: Assets/Prefabs/Exit.prefab
  artifactKey: Guid(82f9d5e4485554eba9bb1a1f9937a8ce) Importer(815301076,1909f56bfc062723c751e8b465ee728b)
Start importing Assets/Prefabs/Exit.prefab using Guid(82f9d5e4485554eba9bb1a1f9937a8ce) Importer(815301076,1909f56bfc062723c751e8b465ee728b)  -> (artifact id: '66cbc30c900c1c550a2b191cab3aa2a8') in 0.013830 seconds 
  Import took 0.019024 seconds .

========================================================================
Received Import Request.
  Time since last request: 3.227364 seconds.
  path: Assets/Prefabs/Exit.prefab
  artifactKey: Guid(82f9d5e4485554eba9bb1a1f9937a8ce) Importer(815301076,1909f56bfc062723c751e8b465ee728b)
Start importing Assets/Prefabs/Exit.prefab using Guid(82f9d5e4485554eba9bb1a1f9937a8ce) Importer(815301076,1909f56bfc062723c751e8b465ee728b)  -> (artifact id: '0407d898a8a118baa38acd87cbbbab3b') in 0.016672 seconds 
  Import took 0.021848 seconds .

========================================================================
Received Import Request.
  Time since last request: 19.504134 seconds.
  path: Assets/Prefabs/Exit.prefab
  artifactKey: Guid(82f9d5e4485554eba9bb1a1f9937a8ce) Importer(815301076,1909f56bfc062723c751e8b465ee728b)
Start importing Assets/Prefabs/Exit.prefab using Guid(82f9d5e4485554eba9bb1a1f9937a8ce) Importer(815301076,1909f56bfc062723c751e8b465ee728b)  -> (artifact id: '7559d8b3e7cb9a7fc70057d214bd3141') in 0.016457 seconds 
  Import took 0.022664 seconds .

========================================================================
Received Import Request.
  Time since last request: 3.053197 seconds.
  path: Assets/Prefabs/Exit.prefab
  artifactKey: Guid(82f9d5e4485554eba9bb1a1f9937a8ce) Importer(815301076,1909f56bfc062723c751e8b465ee728b)
Start importing Assets/Prefabs/Exit.prefab using Guid(82f9d5e4485554eba9bb1a1f9937a8ce) Importer(815301076,1909f56bfc062723c751e8b465ee728b)  -> (artifact id: 'fcfc5be56567263f2617a808a44c99e5') in 0.016527 seconds 
  Import took 0.023862 seconds .

========================================================================
Received Import Request.
  Time since last request: 7.290110 seconds.
  path: Assets/Prefabs/Exit.prefab
  artifactKey: Guid(82f9d5e4485554eba9bb1a1f9937a8ce) Importer(815301076,1909f56bfc062723c751e8b465ee728b)
Start importing Assets/Prefabs/Exit.prefab using Guid(82f9d5e4485554eba9bb1a1f9937a8ce) Importer(815301076,1909f56bfc062723c751e8b465ee728b)  -> (artifact id: '64688a436cbf5b6c5912679750516882') in 0.017003 seconds 
  Import took 0.022874 seconds .

========================================================================
Received Import Request.
  Time since last request: 5.135810 seconds.
  path: Assets/Prefabs/Exit.prefab
  artifactKey: Guid(82f9d5e4485554eba9bb1a1f9937a8ce) Importer(815301076,1909f56bfc062723c751e8b465ee728b)
Start importing Assets/Prefabs/Exit.prefab using Guid(82f9d5e4485554eba9bb1a1f9937a8ce) Importer(815301076,1909f56bfc062723c751e8b465ee728b)  -> (artifact id: '7a4886d6af8547dbdf5e941252dc9844') in 0.016701 seconds 
  Import took 0.021214 seconds .

========================================================================
Received Import Request.
  Time since last request: 21.735598 seconds.
  path: Assets/Prefabs/Exit.prefab
  artifactKey: Guid(82f9d5e4485554eba9bb1a1f9937a8ce) Importer(815301076,1909f56bfc062723c751e8b465ee728b)
Start importing Assets/Prefabs/Exit.prefab using Guid(82f9d5e4485554eba9bb1a1f9937a8ce) Importer(815301076,1909f56bfc062723c751e8b465ee728b)  -> (artifact id: 'c910c1e33321b8ef6f76a7ce65589ee3') in 0.017289 seconds 
  Import took 0.024429 seconds .

========================================================================
Received Import Request.
  Time since last request: 28.364570 seconds.
  path: Assets/Prefabs/Exit.prefab
  artifactKey: Guid(82f9d5e4485554eba9bb1a1f9937a8ce) Importer(815301076,1909f56bfc062723c751e8b465ee728b)
Start importing Assets/Prefabs/Exit.prefab using Guid(82f9d5e4485554eba9bb1a1f9937a8ce) Importer(815301076,1909f56bfc062723c751e8b465ee728b)  -> (artifact id: '386784a28234b0bd75fd1d12f28ac3e5') in 0.017058 seconds 
  Import took 0.025885 seconds .

========================================================================
Received Import Request.
  Time since last request: 28.702005 seconds.
  path: Assets/Prefabs/Scroll.prefab
  artifactKey: Guid(cbbbf1b08de1b4c4abc83ecf755edbd8) Importer(815301076,1909f56bfc062723c751e8b465ee728b)
Start importing Assets/Prefabs/Scroll.prefab using Guid(cbbbf1b08de1b4c4abc83ecf755edbd8) Importer(815301076,1909f56bfc062723c751e8b465ee728b)  -> (artifact id: '6734c5d1efbb6d78541cc1b97fae65d2') in 0.007482 seconds 
  Import took 0.015222 seconds .

========================================================================
Received Import Request.
  Time since last request: 0.025838 seconds.
  path: Assets/Prefabs/Scroll.prefab
  artifactKey: Guid(cbbbf1b08de1b4c4abc83ecf755edbd8) Importer(815301076,1909f56bfc062723c751e8b465ee728b)
Start importing Assets/Prefabs/Scroll.prefab using Guid(cbbbf1b08de1b4c4abc83ecf755edbd8) Importer(815301076,1909f56bfc062723c751e8b465ee728b)  -> (artifact id: '6734c5d1efbb6d78541cc1b97fae65d2') in 0.006665 seconds 
  Import took 0.013496 seconds .

========================================================================
Received Import Request.
  Time since last request: 6.648842 seconds.
  path: Assets/Prefabs/Scroll.prefab
  artifactKey: Guid(cbbbf1b08de1b4c4abc83ecf755edbd8) Importer(815301076,1909f56bfc062723c751e8b465ee728b)
Start importing Assets/Prefabs/Scroll.prefab using Guid(cbbbf1b08de1b4c4abc83ecf755edbd8) Importer(815301076,1909f56bfc062723c751e8b465ee728b)  -> (artifact id: '094e1eb08c9205c83714977e40688b90') in 0.024190 seconds 
  Import took 0.033429 seconds .

========================================================================
Received Import Request.
  Time since last request: 6.474369 seconds.
  path: Assets/Prefabs/Scroll.prefab
  artifactKey: Guid(cbbbf1b08de1b4c4abc83ecf755edbd8) Importer(815301076,1909f56bfc062723c751e8b465ee728b)
Start importing Assets/Prefabs/Scroll.prefab using Guid(cbbbf1b08de1b4c4abc83ecf755edbd8) Importer(815301076,1909f56bfc062723c751e8b465ee728b)  -> (artifact id: 'c27c5268f0672937eb847135c5065a03') in 0.015548 seconds 
  Import took 0.022500 seconds .

========================================================================
Received Import Request.
  Time since last request: 6.647843 seconds.
  path: Assets/Prefabs/Scroll.prefab
  artifactKey: Guid(cbbbf1b08de1b4c4abc83ecf755edbd8) Importer(815301076,1909f56bfc062723c751e8b465ee728b)
Start importing Assets/Prefabs/Scroll.prefab using Guid(cbbbf1b08de1b4c4abc83ecf755edbd8) Importer(815301076,1909f56bfc062723c751e8b465ee728b)  -> (artifact id: 'db246b7d232cd69aa15178ad1bd628d3') in 0.016558 seconds 
  Import took 0.022215 seconds .

========================================================================
Received Import Request.
  Time since last request: 2.445526 seconds.
  path: Assets/Prefabs/Scroll.prefab
  artifactKey: Guid(cbbbf1b08de1b4c4abc83ecf755edbd8) Importer(815301076,1909f56bfc062723c751e8b465ee728b)
Start importing Assets/Prefabs/Scroll.prefab using Guid(cbbbf1b08de1b4c4abc83ecf755edbd8) Importer(815301076,1909f56bfc062723c751e8b465ee728b)  -> (artifact id: 'ff7d1d4628bbc0acdf204df73fd74cac') in 0.019666 seconds 
  Import took 0.026967 seconds .

========================================================================
Received Import Request.
  Time since last request: 25.667016 seconds.
  path: Assets/Prefabs/Scroll.prefab
  artifactKey: Guid(cbbbf1b08de1b4c4abc83ecf755edbd8) Importer(815301076,1909f56bfc062723c751e8b465ee728b)
Start importing Assets/Prefabs/Scroll.prefab using Guid(cbbbf1b08de1b4c4abc83ecf755edbd8) Importer(815301076,1909f56bfc062723c751e8b465ee728b)  -> (artifact id: '953d92b9041fe0d2c9f12acfd0292601') in 0.021458 seconds 
  Import took 0.032303 seconds .

========================================================================
Received Import Request.
  Time since last request: 15.112882 seconds.
  path: Assets/Prefabs/Scroll.prefab
  artifactKey: Guid(cbbbf1b08de1b4c4abc83ecf755edbd8) Importer(815301076,1909f56bfc062723c751e8b465ee728b)
Start importing Assets/Prefabs/Scroll.prefab using Guid(cbbbf1b08de1b4c4abc83ecf755edbd8) Importer(815301076,1909f56bfc062723c751e8b465ee728b)  -> (artifact id: '5b8659ade74adf01bf441f531c4addfa') in 0.014356 seconds 
  Import took 0.019584 seconds .

========================================================================
Received Import Request.
  Time since last request: 1.639890 seconds.
  path: Assets/Prefabs/Scroll.prefab
  artifactKey: Guid(cbbbf1b08de1b4c4abc83ecf755edbd8) Importer(815301076,1909f56bfc062723c751e8b465ee728b)
Start importing Assets/Prefabs/Scroll.prefab using Guid(cbbbf1b08de1b4c4abc83ecf755edbd8) Importer(815301076,1909f56bfc062723c751e8b465ee728b)  -> (artifact id: 'aa33a4e58941251845720362baa7d16e') in 0.012210 seconds 
  Import took 0.017158 seconds .

========================================================================
Received Import Request.
  Time since last request: 4.024987 seconds.
  path: Assets/Prefabs/Scroll.prefab
  artifactKey: Guid(cbbbf1b08de1b4c4abc83ecf755edbd8) Importer(815301076,1909f56bfc062723c751e8b465ee728b)
Start importing Assets/Prefabs/Scroll.prefab using Guid(cbbbf1b08de1b4c4abc83ecf755edbd8) Importer(815301076,1909f56bfc062723c751e8b465ee728b)  -> (artifact id: '466fdfa18c742b4125edda3d4a809f75') in 0.018963 seconds 
  Import took 0.025484 seconds .

========================================================================
Received Import Request.
  Time since last request: 1.420538 seconds.
  path: Assets/Prefabs/Scroll.prefab
  artifactKey: Guid(cbbbf1b08de1b4c4abc83ecf755edbd8) Importer(815301076,1909f56bfc062723c751e8b465ee728b)
Start importing Assets/Prefabs/Scroll.prefab using Guid(cbbbf1b08de1b4c4abc83ecf755edbd8) Importer(815301076,1909f56bfc062723c751e8b465ee728b)  -> (artifact id: '6f5813cfb8a7e9f7fe4ff0c61d4bcf07') in 0.026195 seconds 
  Import took 0.034482 seconds .

